<?xml version="1.0" encoding="UTF-8"?>
<!-- Generated by org.testng.reporters.JUnitReportReporter -->
<testsuite hostname="DESKTOP-E84601L" failures="0" tests="2" name="variousConcept.LoginTestng" time="13.706" errors="0" timestamp="2022-08-30T23:44:30 CDT" skipped="0">
  <testcase classname="variousConcept.LoginTestng" name="loginTest" time="4.538"/>
  <system-out/>
  <testcase classname="variousConcept.LoginTestng" name="addcustomer" time="9.168"/>
  <system-out/>
</testsuite> <!-- variousConcept.LoginTestng -->
